<?xml version="1.0" encoding="UTF-8"?>
<!-- Generated by org.testng.reporters.JUnitXMLReporter -->
<testsuite ignored="0" hostname="SeenaReddy" failures="0" tests="3" name="Test" time="82.107" errors="0" timestamp="2025-04-18T06:25:42 MDT">
  <testcase classname="com.testscenarios.AutoTestDataGenreate" name="f" time="0.678"/>
  <testcase classname="com.testscenarios.GetAllDropdownValuesDemo" name="f" time="0.53"/>
  <testcase classname="com.testscenarios.TC2_LoginUserwithcorrectemailandpassword" name="loginUserwithcorrectemailandpassword" time="67.13"/>
</testsuite> <!-- Test -->
