<?xml version="1.0" encoding="UTF-8"?>
<testng-results ignored="0" total="1" passed="1" failed="0" skipped="0">
  <reporter-output>
  </reporter-output>
  <suite started-at="2025-03-28T07:05:23 MDT" name="Default suite" finished-at="2025-03-28T07:05:35 MDT" duration-ms="12124">
    <groups>
    </groups>
    <test started-at="2025-03-28T07:05:23 MDT" name="Default test" finished-at="2025-03-28T07:05:35 MDT" duration-ms="12124">
      <class name="com.testscenarios.GetAllDropdownValuesDemo">
        <test-method is-config="true" signature="beforeClass()[pri:0, instance:com.testscenarios.GetAllDropdownValuesDemo@37271612]" started-at="2025-03-28T07:05:23 MDT" name="beforeClass" finished-at="2025-03-28T07:05:34 MDT" duration-ms="10777" status="PASS">
          <reporter-output>
          </reporter-output>
        </test-method> <!-- beforeClass -->
        <test-method signature="f()[pri:0, instance:com.testscenarios.GetAllDropdownValuesDemo@37271612]" started-at="2025-03-28T07:05:34 MDT" name="f" finished-at="2025-03-28T07:05:34 MDT" duration-ms="502" status="PASS">
          <reporter-output>
          </reporter-output>
        </test-method> <!-- f -->
        <test-method is-config="true" signature="afterMethod()[pri:0, instance:com.testscenarios.GetAllDropdownValuesDemo@37271612]" started-at="2025-03-28T07:05:34 MDT" name="afterMethod" finished-at="2025-03-28T07:05:35 MDT" duration-ms="362" status="PASS">
          <reporter-output>
          </reporter-output>
        </test-method> <!-- afterMethod -->
        <test-method is-config="true" signature="afterClass()[pri:0, instance:com.testscenarios.GetAllDropdownValuesDemo@37271612]" started-at="2025-03-28T07:05:35 MDT" name="afterClass" finished-at="2025-03-28T07:05:35 MDT" duration-ms="425" status="PASS">
          <reporter-output>
          </reporter-output>
        </test-method> <!-- afterClass -->
      </class> <!-- com.testscenarios.GetAllDropdownValuesDemo -->
    </test> <!-- Default test -->
  </suite> <!-- Default suite -->
</testng-results>
