<?xml version="1.0" encoding="UTF-8"?>
<testng-results ignored="0" total="1" passed="1" failed="0" skipped="0">
  <reporter-output>
  </reporter-output>
  <suite started-at="2025-04-01T06:55:40 MDT" name="Default suite" finished-at="2025-04-01T06:56:20 MDT" duration-ms="39688">
    <groups>
    </groups>
    <test started-at="2025-04-01T06:55:40 MDT" name="Default test" finished-at="2025-04-01T06:56:20 MDT" duration-ms="39688">
      <class name="com.testscenarios.TC2_LoginUserwithcorrectemailandpassword">
        <test-method signature="loginUserwithcorrectemailandpassword()[pri:0, instance:com.testscenarios.TC2_LoginUserwithcorrectemailandpassword@687e99d8]" started-at="2025-04-01T06:55:40 MDT" name="loginUserwithcorrectemailandpassword" finished-at="2025-04-01T06:56:20 MDT" duration-ms="39455" status="PASS">
          <reporter-output>
          </reporter-output>
        </test-method> <!-- loginUserwithcorrectemailandpassword -->
        <test-method is-config="true" signature="screenshotAfterAtTestAnnotation()[pri:0, instance:com.testscenarios.TC2_LoginUserwithcorrectemailandpassword@687e99d8]" started-at="2025-04-01T06:56:20 MDT" name="screenshotAfterAtTestAnnotation" finished-at="2025-04-01T06:56:20 MDT" duration-ms="188" status="PASS">
          <reporter-output>
          </reporter-output>
        </test-method> <!-- screenshotAfterAtTestAnnotation -->
      </class> <!-- com.testscenarios.TC2_LoginUserwithcorrectemailandpassword -->
    </test> <!-- Default test -->
  </suite> <!-- Default suite -->
</testng-results>
